#
# There is insufficient memory for the Java Runtime Environment to continue.
# Native memory allocation (mmap) failed to map 132120576 bytes for Failed to commit area from 0x0000000082400000 to 0x000000008a200000 of length 132120576.
# Possible reasons:
#   The system is out of physical RAM or swap space
#   The process is running with CompressedOops enabled, and the Java Heap may be blocking the growth of the native heap
# Possible solutions:
#   Reduce memory load on the system
#   Increase physical memory or swap space
#   Check if swap backing store is full
#   Decrease Java heap size (-Xmx/-Xms)
#   Decrease number of Java threads
#   Decrease Java thread stack sizes (-Xss)
#   Set larger code cache with -XX:ReservedCodeCacheSize=
# This output file may be truncated or incomplete.
#
#  Out of Memory Error (./src/hotspot/os/windows/os_windows.cpp:3619), pid=15224, tid=10492
#
# JRE version:  (11.0.13+7) (build )
# Java VM: Dynamic Code Evolution 64-Bit Server VM (11.0.13+7-b1751.21, mixed mode, sharing, tiered, compressed oops, g1 gc, windows-amd64)
# No core dump will be written. Minidumps are not enabled by default on client versions of Windows
#

---------------  S U M M A R Y ------------

Command Line: git4idea.http.GitAskPassApp Username for 'https://github.com': 

Host: Intel(R) Core(TM) i3-8145U CPU @ 2.10GHz, 4 cores, 7G,  Windows 11 , 64 bit Build 22000 (10.0.22000.613)
Time: Tue May 10 21:42:51 2022 RTZ 2 (зима) elapsed time: 0.011642 seconds (0d 0h 0m 0s)

---------------  T H R E A D  ---------------

Current thread (0x000001bc39836000):  JavaThread "Unknown thread" [_thread_in_vm, id=10492, stack(0x0000000596000000,0x0000000596100000)]

Stack: [0x0000000596000000,0x0000000596100000]
Native frames: (J=compiled Java code, j=interpreted, Vv=VM code, C=native code)
V  [jvm.dll+0x61f82a]
V  [jvm.dll+0x7a6240]
V  [jvm.dll+0x7a785d]
V  [jvm.dll+0x7a7f33]
V  [jvm.dll+0x250b68]
V  [jvm.dll+0x61c894]
V  [jvm.dll+0x6115b5]
V  [jvm.dll+0x3105ab]
V  [jvm.dll+0x31051a]
V  [jvm.dll+0x3103f2]
V  [jvm.dll+0x315346]
V  [jvm.dll+0x35ec83]
V  [jvm.dll+0x35f386]
V  [jvm.dll+0x35ed83]
V  [jvm.dll+0x2e9de8]
V  [jvm.dll+0x2eaf97]
V  [jvm.dll+0x782fe7]
V  [jvm.dll+0x7848bc]
V  [jvm.dll+0x36c1f9]
V  [jvm.dll+0x766c7e]
V  [jvm.dll+0x3da7d3]
V  [jvm.dll+0x3dcd31]
C  [jli.dll+0x536b]
C  [ucrtbase.dll+0x26c0c]
C  [KERNEL32.DLL+0x154e0]
C  [ntdll.dll+0x485b]


---------------  P R O C E S S  ---------------

Threads class SMR info:
_java_thread_list=0x000001bc395d5210, length=0, elements={
}

Java Threads: ( => current thread )

Other Threads:
  0x000001bc3984d800 GCTaskThread "GC Thread#0" [stack: 0x0000000596100000,0x0000000596200000] [id=6280]
  0x000001bc3987e000 ConcurrentGCThread "G1 Main Marker" [stack: 0x0000000596200000,0x0000000596300000] [id=15232]
  0x000001bc3987f800 ConcurrentGCThread "G1 Conc#0" [stack: 0x0000000596300000,0x0000000596400000] [id=10344]

[error occurred during error reporting (printing all threads), id 0xc0000005, EXCEPTION_ACCESS_VIOLATION (0xc0000005) at pc=0x00007ffd722ba657]

VM state:not at safepoint (not fully initialized)

VM Mutex/Monitor currently owned by a thread:  ([mutex/lock_event])
[0x000001bc398342d0] Heap_lock - owner thread: 0x000001bc39836000

Heap address: 0x0000000082400000, size: 2012 MB, Compressed Oops mode: Non-zero based: 0x0000000082400000
Narrow klass base: 0x0000000000000000, Narrow klass shift: 0

GC Heap History (0 events):
No events

Deoptimization events (0 events):
No events

Classes redefined (0 events):
No events

Internal exceptions (0 events):
No events

Events (1 events):
Event: 0.006 Loaded shared library C:\Users\User\AppData\Local\JetBrains\Toolbox\apps\Rider\ch-0\213.6461.51\jbr\bin\zip.dll


Dynamic libraries:
0x00007ff6bf1a0000 - 0x00007ff6bf1aa000 	C:\Users\User\AppData\Local\JetBrains\Toolbox\apps\Rider\ch-0\213.6461.51\jbr\bin\java.exe
0x00007ffdc4160000 - 0x00007ffdc4369000 	C:\WINDOWS\SYSTEM32\ntdll.dll
0x00007ffdc26e0000 - 0x00007ffdc279d000 	C:\WINDOWS\System32\KERNEL32.DLL
0x00007ffdc17c0000 - 0x00007ffdc1b34000 	C:\WINDOWS\System32\KERNELBASE.dll
0x00007ffdc1b70000 - 0x00007ffdc1c81000 	C:\WINDOWS\System32\ucrtbase.dll
0x00007ffdba010000 - 0x00007ffdba027000 	C:\Users\User\AppData\Local\JetBrains\Toolbox\apps\Rider\ch-0\213.6461.51\jbr\bin\VCRUNTIME140.dll
0x00007ffdbd1b0000 - 0x00007ffdbd1c9000 	C:\Users\User\AppData\Local\JetBrains\Toolbox\apps\Rider\ch-0\213.6461.51\jbr\bin\jli.dll
0x00007ffdc2530000 - 0x00007ffdc26dc000 	C:\WINDOWS\System32\USER32.dll
0x00007ffdacd20000 - 0x00007ffdacfc5000 	C:\WINDOWS\WinSxS\amd64_microsoft.windows.common-controls_6595b64144ccf1df_6.0.22000.120_none_9d947278b86cc467\COMCTL32.dll
0x00007ffdc1b40000 - 0x00007ffdc1b66000 	C:\WINDOWS\System32\win32u.dll
0x00007ffdc2000000 - 0x00007ffdc20a3000 	C:\WINDOWS\System32\msvcrt.dll
0x00007ffdc33e0000 - 0x00007ffdc3409000 	C:\WINDOWS\System32\GDI32.dll
0x00007ffdc1ee0000 - 0x00007ffdc1ff2000 	C:\WINDOWS\System32\gdi32full.dll
0x00007ffdc1e40000 - 0x00007ffdc1edd000 	C:\WINDOWS\System32\msvcp_win.dll
0x00007ffdc2c00000 - 0x00007ffdc2c31000 	C:\WINDOWS\System32\IMM32.DLL
0x00007ffd84370000 - 0x00007ffd8440d000 	C:\Users\User\AppData\Local\JetBrains\Toolbox\apps\Rider\ch-0\213.6461.51\jbr\bin\msvcp140.dll
0x00007ffd71fc0000 - 0x00007ffd72b46000 	C:\Users\User\AppData\Local\JetBrains\Toolbox\apps\Rider\ch-0\213.6461.51\jbr\bin\server\jvm.dll
0x00007ffdc3f50000 - 0x00007ffdc3ffe000 	C:\WINDOWS\System32\ADVAPI32.dll
0x00007ffdc34f0000 - 0x00007ffdc358e000 	C:\WINDOWS\System32\sechost.dll
0x00007ffdc2270000 - 0x00007ffdc2390000 	C:\WINDOWS\System32\RPCRT4.dll
0x00007ffdc2b20000 - 0x00007ffdc2b28000 	C:\WINDOWS\System32\PSAPI.DLL
0x00007ffdbc7c0000 - 0x00007ffdbc7f3000 	C:\WINDOWS\SYSTEM32\WINMM.dll
0x00007ffdba050000 - 0x00007ffdba05a000 	C:\WINDOWS\SYSTEM32\VERSION.dll
0x00007ffd9f6e0000 - 0x00007ffd9f6e9000 	C:\WINDOWS\SYSTEM32\WSOCK32.dll
0x00007ffdc3480000 - 0x00007ffdc34ef000 	C:\WINDOWS\System32\ws2_32.DLL
0x00007ffdc0840000 - 0x00007ffdc0858000 	C:\WINDOWS\SYSTEM32\kernel.appcore.dll
0x00007ffd98970000 - 0x00007ffd98981000 	C:\Users\User\AppData\Local\JetBrains\Toolbox\apps\Rider\ch-0\213.6461.51\jbr\bin\verify.dll
0x00007ffdacfd0000 - 0x00007ffdad1f1000 	C:\WINDOWS\SYSTEM32\DBGHELP.DLL
0x00007ffda7a40000 - 0x00007ffda7a71000 	C:\WINDOWS\SYSTEM32\dbgcore.DLL
0x00007ffdc1dc0000 - 0x00007ffdc1e3f000 	C:\WINDOWS\System32\bcryptPrimitives.dll
0x00007ffd71f90000 - 0x00007ffd71fb9000 	C:\Users\User\AppData\Local\JetBrains\Toolbox\apps\Rider\ch-0\213.6461.51\jbr\bin\java.dll
0x00007ffdb2860000 - 0x00007ffdb286b000 	C:\Users\User\AppData\Local\JetBrains\Toolbox\apps\Rider\ch-0\213.6461.51\jbr\bin\jimage.dll
0x00007ffd71f70000 - 0x00007ffd71f88000 	C:\Users\User\AppData\Local\JetBrains\Toolbox\apps\Rider\ch-0\213.6461.51\jbr\bin\zip.dll

dbghelp: loaded successfully - version: 4.0.5 - missing functions: none
symbol engine: initialized successfully - sym options: 0x614 - pdb path: .;C:\Users\User\AppData\Local\JetBrains\Toolbox\apps\Rider\ch-0\213.6461.51\jbr\bin;C:\WINDOWS\SYSTEM32;C:\WINDOWS\WinSxS\amd64_microsoft.windows.common-controls_6595b64144ccf1df_6.0.22000.120_none_9d947278b86cc467;C:\Users\User\AppData\Local\JetBrains\Toolbox\apps\Rider\ch-0\213.6461.51\jbr\bin\server

VM Arguments:
java_command: git4idea.http.GitAskPassApp Username for 'https://github.com': 
java_class_path (initial): C:/Users/User/AppData/Local/JetBrains/Toolbox/apps/Rider/ch-0/213.6461.51/plugins/git4idea/lib/git4idea-rt.jar;C:/Users/User/AppData/Local/JetBrains/Toolbox/apps/Rider/ch-0/213.6461.51/lib/3rd-party.jar;C:/Users/User/AppData/Local/JetBrains/Toolbox/apps/Rider/ch-0/213.6461.51/lib/3rd-party-rt.jar
Launcher Type: SUN_STANDARD

[Global flags]
     intx CICompilerCount                          = 3                                         {product} {ergonomic}
     uint ConcGCThreads                            = 1                                         {product} {ergonomic}
     uint G1ConcRefinementThreads                  = 4                                         {product} {ergonomic}
   size_t G1HeapRegionSize                         = 1048576                                   {product} {ergonomic}
    uintx GCDrainStackTargetSize                   = 64                                        {product} {ergonomic}
   size_t InitialHeapSize                          = 132120576                                 {product} {ergonomic}
   size_t MarkStackSize                            = 4194304                                   {product} {ergonomic}
   size_t MaxHeapSize                              = 2109734912                                {product} {ergonomic}
   size_t MinHeapDeltaBytes                        = 1048576                                   {product} {ergonomic}
    uintx NonNMethodCodeHeapSize                   = 5830732                                {pd product} {ergonomic}
    uintx NonProfiledCodeHeapSize                  = 122913754                              {pd product} {ergonomic}
    uintx ProfiledCodeHeapSize                     = 122913754                              {pd product} {ergonomic}
    uintx ReservedCodeCacheSize                    = 251658240                              {pd product} {ergonomic}
     bool SegmentedCodeCache                       = true                                      {product} {ergonomic}
     bool UseCompressedClassPointers               = true                                 {lp64_product} {ergonomic}
     bool UseCompressedOops                        = true                                 {lp64_product} {ergonomic}
     bool UseG1GC                                  = true                                      {product} {ergonomic}
     bool UseLargePagesIndividualAllocation        = false                                  {pd product} {ergonomic}

Logging:
Log output configuration:
 #0: stdout all=warning uptime,level,tags
 #1: stderr all=off uptime,level,tags

Environment Variables:
JAVA_HOME=C:\Program Files\Java\jdk-13.0.2
PATH=C:\Program Files\Git\mingw64\libexec\git-core;C:\Program Files\Git\mingw64\libexec\git-core;C:\Program Files\Git\mingw64\bin;C:\Program Files\Git\usr\bin;C:\Users\User\bin;C:\Program Files (x86)\Common Files\Intel\Shared Files\cpp\bin\Intel64;C:\Program Files\Common Files\Oracle\Java\javapath;C:\Program Files (x86)\Common Files\Oracle\Java\javapath;C:\Windows\system32;C:\Windows;C:\Windows\System32\Wbem;C:\Windows\System32\WindowsPowerShell\v1.0;C:\Windows\System32\OpenSSH;C:\Program Files (x86)\NVIDIA Corporation\PhysX\Common;C:\Program Files\Git\cmd;C:\Program Files\Git\mingw64\bin;C:\Program Files\Git\usr\bin;C:\Program Files\dotnet;C:\Program Files (x86)\GtkSharp\2.12\bin;C:\Program Files\Microsoft SQL Server\130\Tools\Binn;C:\ProgramData\chocolatey\bin;C:\Program Files (x86)\mingw-w64\i686-8.1.0-posix-dwarf-rt_v6-rev0\mingw32\i686-w64-mingw32\bin;C:\WINDOWS\system32;C:\WINDOWS;C:\WINDOWS\System32\Wbem;C:\WINDOWS\System32\WindowsPowerShell\v1.0;C:\WINDOWS\System32\OpenSSH;C:\Program Files\Java\jdk-15;C:\MAMP\bin\php\php7.4.1;C:\ProgramData\ComposerSetup\bin;C:\WINDOWS\system32;C:\WINDOWS;C:\WINDOWS\System32\Wbem;C:\WINDOWS\System32\WindowsPowerShell\v1.0;C:\WINDOWS\System32\OpenSSH;C:\Program Files\nodejs;C:\Program Files\Microsoft SQL Server\Client SDK\ODBC\170\Tools\Binn;C:\Program Files (x86)\Microsoft SQL Server\150\Tools\Binn;C:\Program Files\Microsoft SQL Server\150\Tools\Binn;C:\Program Files\Microsoft SQL Server\150\DTS\Binn;C:\Program Files (x86)\Microsoft SQL Server\150\DTS\Binn;C:\Program Files\Azure Data Studio\bin;C:\Users\User\.cargo\bin;C:\Users\User\AppData\Local\Programs\Python\Python38\Scripts;C:\Users\User\AppData\Local\Programs\Python\Python38;C:\Users\User\AppData\Local\Programs\Python\Python37\Scripts;C:\Users\User\AppData\Local\Programs\Python\Python37;C:\Users\User\AppData\Local\Microsoft\WindowsApps;C:\Program Files\JetBrains\IntelliJ IDEA Community Edition 2019.3.3\bin;C:\Users\User\.dotnet\tools;C:\MinGW\mingw64\bin;C:\Program Files 
USERNAME=User
DISPLAY=:0.0
LC_ALL=en_US.UTF-8
OS=Windows_NT
PROCESSOR_IDENTIFIER=Intel64 Family 6 Model 142 Stepping 11, GenuineIntel



---------------  S Y S T E M  ---------------

OS: Windows 11 , 64 bit Build 22000 (10.0.22000.613)
OS uptime: 0 days 10:03 hours

CPU:total 4 (initial active 4) (2 cores per cpu, 2 threads per core) family 6 model 142 stepping 11 microcode 0xde, cmov, cx8, fxsr, mmx, sse, sse2, sse3, ssse3, sse4.1, sse4.2, popcnt, avx, avx2, aes, clmul, erms, 3dnowpref, lzcnt, ht, tsc, tscinvbit, bmi1, bmi2, adx, fma

Memory: 4k page, system-wide physical 8040M (643M free)
TotalPageFile size 12136M (AvailPageFile size 77M)
current process WorkingSet (physical memory assigned to process): 10M, peak: 10M
current process commit charge ("private bytes"): 51M, peak: 177M

vm_info: Dynamic Code Evolution 64-Bit Server VM (11.0.13+7-b1751.21) for windows-amd64 JRE (11.0.13+7-b1751.21), built on Nov 30 2021 02:17:11 by "" with MS VC++ 14.0 (VS2015)

END.
